<?xml version="1.0" encoding="UTF-8"?>
<testng-results skipped="0" failed="0" ignored="0" total="1" passed="1">
  <reporter-output>
  </reporter-output>
  <suite name="Surefire suite" duration-ms="225204" started-at="2020-06-17T23:29:03 IST" finished-at="2020-06-17T23:32:48 IST">
    <groups>
    </groups>
    <test name="Surefire test" duration-ms="225204" started-at="2020-06-17T23:29:03 IST" finished-at="2020-06-17T23:32:48 IST">
      <class name="Cucumber_Practice_Udemy.Cucumber_Practice_Udemy.AppTest">
        <test-method status="PASS" signature="shouldAnswerWithTrue()" name="shouldAnswerWithTrue" duration-ms="11" started-at="2020-06-17T23:32:48 IST" finished-at="2020-06-17T23:32:48 IST">
          <reporter-output>
          </reporter-output>
        </test-method> <!-- shouldAnswerWithTrue -->
      </class> <!-- Cucumber_Practice_Udemy.Cucumber_Practice_Udemy.AppTest -->
    </test> <!-- Surefire test -->
  </suite> <!-- Surefire suite -->
</testng-results>
