<?xml version="1.0" encoding="UTF-8"?>
<testng-results skipped="0" failed="0" ignored="0" total="0" passed="0">
  <reporter-output>
  </reporter-output>
  <suite name="Suite" duration-ms="728" started-at="2020-06-13T00:14:38 IST" finished-at="2020-06-13T00:14:39 IST">
    <groups>
      <group name="cucumber">
        <method signature="AbstractTestNGCucumberTests.runScenario(io.cucumber.testng.PickleWrapper, io.cucumber.testng.FeatureWrapper)[pri:0, instance:CucumberOptions.TestRunner@4d41cee]" name="runScenario" class="io.cucumber.testng.AbstractTestNGCucumberTests"/>
      </group> <!-- cucumber -->
    </groups>
    <test name="Test" duration-ms="728" started-at="2020-06-13T00:14:38 IST" finished-at="2020-06-13T00:14:39 IST">
      <class name="CucumberOptions.TestRunner">
        <test-method status="PASS" signature="setUpClass()[pri:0, instance:CucumberOptions.TestRunner@4d41cee]" name="setUpClass" is-config="true" duration-ms="669" started-at="2020-06-13T00:14:38 IST" finished-at="2020-06-13T00:14:39 IST">
          <reporter-output>
          </reporter-output>
        </test-method> <!-- setUpClass -->
        <test-method status="PASS" signature="tearDownClass()[pri:0, instance:CucumberOptions.TestRunner@4d41cee]" name="tearDownClass" is-config="true" duration-ms="9" started-at="2020-06-13T00:14:39 IST" finished-at="2020-06-13T00:14:39 IST">
          <reporter-output>
          </reporter-output>
        </test-method> <!-- tearDownClass -->
      </class> <!-- CucumberOptions.TestRunner -->
    </test> <!-- Test -->
  </suite> <!-- Suite -->
</testng-results>
